21/03/2023:15:23:37 025 [Calculator.java] [INFO] org.example.Calculator [FACTORIAL] - 5
21/03/2023:15:23:37 032 [Calculator.java] [INFO] org.example.Calculator [RESULT - FACTORIAL] - 120
21/03/2023:15:23:37 033 [Calculator.java] [INFO] org.example.Calculator [FACTORIAL] - 4
21/03/2023:15:23:37 034 [Calculator.java] [INFO] org.example.Calculator [RESULT - FACTORIAL] - 24
21/03/2023:15:23:37 037 [Calculator.java] [INFO] org.example.Calculator [ROOT] - 25.0
21/03/2023:15:23:37 038 [Calculator.java] [INFO] org.example.Calculator [RESULT - ROOT] - 5.0
21/03/2023:15:23:37 038 [Calculator.java] [INFO] org.example.Calculator [ROOT] - 36.0
21/03/2023:15:23:37 039 [Calculator.java] [INFO] org.example.Calculator [RESULT - ROOT] - 6.0
21/03/2023:15:23:37 040 [Calculator.java] [INFO] org.example.Calculator [LOG] - 1.0
21/03/2023:15:23:37 041 [Calculator.java] [INFO] org.example.Calculator [RESULT - LOG] - 0.0
21/03/2023:15:23:37 042 [Calculator.java] [INFO] org.example.Calculator [LOG] - 1.0
21/03/2023:15:23:37 043 [Calculator.java] [INFO] org.example.Calculator [RESULT - LOG] - 0.0
21/03/2023:15:23:37 049 [Calculator.java] [INFO] org.example.Calculator [POW] - 2.0-4.0
21/03/2023:15:23:37 049 [Calculator.java] [INFO] org.example.Calculator [RESULT - POW] - 16.0
21/03/2023:15:23:37 050 [Calculator.java] [INFO] org.example.Calculator [POW] - 2.0-3.0
21/03/2023:15:23:37 050 [Calculator.java] [INFO] org.example.Calculator [RESULT - POW] - 8.0
08/04/2023:08:30:18 515 [Calculator.java] [INFO] org.example.Calculator [FACTORIAL] - 5
08/04/2023:08:30:18 525 [Calculator.java] [INFO] org.example.Calculator [RESULT - FACTORIAL] - 120
08/04/2023:08:30:18 527 [Calculator.java] [INFO] org.example.Calculator [FACTORIAL] - 4
08/04/2023:08:30:18 528 [Calculator.java] [INFO] org.example.Calculator [RESULT - FACTORIAL] - 24
08/04/2023:08:30:18 533 [Calculator.java] [INFO] org.example.Calculator [ROOT] - 25.0
08/04/2023:08:30:18 534 [Calculator.java] [INFO] org.example.Calculator [RESULT - ROOT] - 5.0
08/04/2023:08:30:18 535 [Calculator.java] [INFO] org.example.Calculator [ROOT] - 36.0
08/04/2023:08:30:18 536 [Calculator.java] [INFO] org.example.Calculator [RESULT - ROOT] - 6.0
08/04/2023:08:30:18 537 [Calculator.java] [INFO] org.example.Calculator [LOG] - 1.0
08/04/2023:08:30:18 537 [Calculator.java] [INFO] org.example.Calculator [RESULT - LOG] - 0.0
08/04/2023:08:30:18 538 [Calculator.java] [INFO] org.example.Calculator [LOG] - 1.0
08/04/2023:08:30:18 538 [Calculator.java] [INFO] org.example.Calculator [RESULT - LOG] - 0.0
08/04/2023:08:30:18 544 [Calculator.java] [INFO] org.example.Calculator [POW] - 2.0-4.0
08/04/2023:08:30:18 545 [Calculator.java] [INFO] org.example.Calculator [RESULT - POW] - 16.0
08/04/2023:08:30:18 545 [Calculator.java] [INFO] org.example.Calculator [POW] - 2.0-3.0
08/04/2023:08:30:18 546 [Calculator.java] [INFO] org.example.Calculator [RESULT - POW] - 8.0
